生成启动时间为 2021/6/7 16:15:03。
     1>项目“E:\WorkGit\BX-V-VI\bx.dual.cplus\src\demo\LedSDK_VC.vcxproj”在节点 2 上(rebuild 个目标)。
     1>C:\Program Files (x86)\MSBuild\Microsoft.Cpp\v4.0\Microsoft.CppBuild.targets(299,5): warning MSB8004: Output 目录未以斜杠结尾。此生成实例将添加斜杠，因为必须有这个斜杠才能正确计算 Output 目录。
     1>InitializeBuildStatus:
         正在对“Debug\LedSDK_VC.unsuccessfulbuild”执行 Touch 任务。
       ClCompile:
         D:\Program Files (x86)\Microsoft Visual Studio 10.0\VC\bin\CL.exe /c /ZI /nologo /W3 /WX- /Od /Oy- /D WIN32 /D _DEBUG /D _CONSOLE /D _UNICODE /D UNICODE /Gm /EHsc /RTC1 /MDd /GS /fp:precise /Zc:wchar_t /Zc:forScope /Fo"Debug\\" /Fd"Debug\vc100.pdb" /Gd /TP /analyze- /errorReport:prompt LedSDKdemo_VC.cpp
         LedSDKdemo_VC.cpp
     1>e:\workgit\bx-v-vi\bx.dual.cplus\src\demo\ledsdkdemo_vc.cpp(1641): warning C4996: 'sprintf': This function or variable may be unsafe. Consider using sprintf_s instead. To disable deprecation, use _CRT_SECURE_NO_WARNINGS. See online help for details.
                 d:\program files (x86)\microsoft visual studio 10.0\vc\include\stdio.h(371) : 参见“sprintf”的声明
     1>e:\workgit\bx-v-vi\bx.dual.cplus\src\demo\ledsdkdemo_vc.cpp(1727): warning C4996: 'strcpy': This function or variable may be unsafe. Consider using strcpy_s instead. To disable deprecation, use _CRT_SECURE_NO_WARNINGS. See online help for details.
                 d:\program files (x86)\microsoft visual studio 10.0\vc\include\string.h(105) : 参见“strcpy”的声明
     1>e:\workgit\bx-v-vi\bx.dual.cplus\src\demo\ledsdkdemo_vc.cpp(1747): warning C4996: 'strcpy': This function or variable may be unsafe. Consider using strcpy_s instead. To disable deprecation, use _CRT_SECURE_NO_WARNINGS. See online help for details.
                 d:\program files (x86)\microsoft visual studio 10.0\vc\include\string.h(105) : 参见“strcpy”的声明
     1>e:\workgit\bx-v-vi\bx.dual.cplus\src\demo\ledsdkdemo_vc.cpp(1796): warning C4482: 使用了非标准扩展: 限定名中使用了枚举“E_Color_G56”
     1>e:\workgit\bx-v-vi\bx.dual.cplus\src\demo\ledsdkdemo_vc.cpp(1818): warning C4482: 使用了非标准扩展: 限定名中使用了枚举“E_arrMode”
     1>e:\workgit\bx-v-vi\bx.dual.cplus\src\demo\ledsdkdemo_vc.cpp(1820): warning C4482: 使用了非标准扩展: 限定名中使用了枚举“E_Color_G56”
     1>e:\workgit\bx-v-vi\bx.dual.cplus\src\demo\ledsdkdemo_vc.cpp(1823): warning C4482: 使用了非标准扩展: 限定名中使用了枚举“E_txtDirection”
     1>e:\workgit\bx-v-vi\bx.dual.cplus\src\demo\ledsdkdemo_vc.cpp(1843): warning C4482: 使用了非标准扩展: 限定名中使用了枚举“E_arrMode”
     1>e:\workgit\bx-v-vi\bx.dual.cplus\src\demo\ledsdkdemo_vc.cpp(1845): warning C4482: 使用了非标准扩展: 限定名中使用了枚举“E_Color_G56”
     1>e:\workgit\bx-v-vi\bx.dual.cplus\src\demo\ledsdkdemo_vc.cpp(1848): warning C4482: 使用了非标准扩展: 限定名中使用了枚举“E_txtDirection”
       ManifestResourceCompile:
         C:\Program Files (x86)\Microsoft SDKs\Windows\v7.0A\bin\rc.exe /nologo /fo"Debug\LedSDK_VC.exe.embed.manifest.res" Debug\LedSDK_VC_manifest.rc 
       Link:
         D:\Program Files (x86)\Microsoft Visual Studio 10.0\VC\bin\link.exe /ERRORREPORT:PROMPT /OUT:"..\lib\LedSDK_VC.exe" /INCREMENTAL /NOLOGO kernel32.lib user32.lib gdi32.lib winspool.lib comdlg32.lib advapi32.lib shell32.lib ole32.lib oleaut32.lib uuid.lib odbc32.lib odbccp32.lib /MANIFEST /ManifestFile:"Debug\LedSDK_VC.exe.intermediate.manifest" /MANIFESTUAC:"level='asInvoker' uiAccess='false'" /DEBUG /PDB:"E:\WorkGit\BX-V-VI\bx.dual.cplus\src\lib\LedSDK_VC.pdb" /SUBSYSTEM:CONSOLE /TLBID:1 /DYNAMICBASE /NXCOMPAT /IMPLIB:"..\lib\LedSDK_VC.lib" /MACHINE:X86 Debug\LedSDK_VC.exe.embed.manifest.res
         Debug\LedSDKdemo_VC.obj
       Manifest:
         正在删除文件“Debug\LedSDK_VC.exe.embed.manifest”。
         C:\Program Files (x86)\Microsoft SDKs\Windows\v7.0A\bin\mt.exe /nologo /verbose /out:"Debug\LedSDK_VC.exe.embed.manifest" /manifest Debug\LedSDK_VC.exe.intermediate.manifest
         C:\Program Files (x86)\Microsoft SDKs\Windows\v7.0A\bin\rc.exe /nologo /fo"Debug\LedSDK_VC.exe.embed.manifest.res" Debug\LedSDK_VC_manifest.rc 
       LinkEmbedManifest:
         D:\Program Files (x86)\Microsoft Visual Studio 10.0\VC\bin\link.exe /ERRORREPORT:PROMPT /OUT:"..\lib\LedSDK_VC.exe" /INCREMENTAL /NOLOGO kernel32.lib user32.lib gdi32.lib winspool.lib comdlg32.lib advapi32.lib shell32.lib ole32.lib oleaut32.lib uuid.lib odbc32.lib odbccp32.lib /MANIFEST /ManifestFile:"Debug\LedSDK_VC.exe.intermediate.manifest" /MANIFESTUAC:"level='asInvoker' uiAccess='false'" /DEBUG /PDB:"E:\WorkGit\BX-V-VI\bx.dual.cplus\src\lib\LedSDK_VC.pdb" /SUBSYSTEM:CONSOLE /TLBID:1 /DYNAMICBASE /NXCOMPAT /IMPLIB:"..\lib\LedSDK_VC.lib" /MACHINE:X86 Debug\LedSDK_VC.exe.embed.manifest.res
         Debug\LedSDKdemo_VC.obj
         LedSDK_VC.vcxproj -> E:\WorkGit\BX-V-VI\bx.dual.cplus\src\demo\..\lib\LedSDK_VC.exe
       FinalizeBuildStatus:
         正在删除文件“Debug\LedSDK_VC.unsuccessfulbuild”。
         正在对“Debug\LedSDK_VC.lastbuildstate”执行 Touch 任务。
     1>已完成生成项目“E:\WorkGit\BX-V-VI\bx.dual.cplus\src\demo\LedSDK_VC.vcxproj”(rebuild 个目标)的操作。

生成成功。

已用时间 00:00:01.89
